This is pdfTeX, Version 3.14159265-2.6-1.40.15 (TeX Live 2014/Debian) (preloaded format=pdflatex 2015.2.18)  23 FEB 2015 01:22
entering extended mode
 \write18 enabled.
 %&-line parsing enabled.
**main.tex
(./main.tex
LaTeX2e <2014/05/01>
Babel <3.9k> and hyphenation patterns for 4 languages loaded.
(/usr/share/texlive/texmf-dist/tex/latex/base/book.cls
Document Class: book 2007/10/19 v1.4h Standard LaTeX document class
(/usr/share/texlive/texmf-dist/tex/latex/base/bk11.clo
File: bk11.clo 2007/10/19 v1.4h Standard LaTeX file (size option)
)
\c@part=\count79
\c@chapter=\count80
\c@section=\count81
\c@subsection=\count82
\c@subsubsection=\count83
\c@paragraph=\count84
\c@subparagraph=\count85
\c@figure=\count86
\c@table=\count87
\abovecaptionskip=\skip41
\belowcaptionskip=\skip42
\bibindent=\dimen102
) (./preamble.tex
(/usr/share/texlive/texmf-dist/tex/latex/geometry/geometry.sty
Package: geometry 2010/09/12 v5.6 Page Geometry

(/usr/share/texlive/texmf-dist/tex/latex/graphics/keyval.sty
Package: keyval 2014/05/08 v1.15 key=value parser (DPC)
\KV@toks@=\toks14
)
(/usr/share/texlive/texmf-dist/tex/generic/oberdiek/ifpdf.sty
Package: ifpdf 2011/01/30 v2.3 Provides the ifpdf switch (HO)
Package ifpdf Info: pdfTeX in PDF mode is detected.
)
(/usr/share/texlive/texmf-dist/tex/generic/oberdiek/ifvtex.sty
Package: ifvtex 2010/03/01 v1.5 Detect VTeX and its facilities (HO)
Package ifvtex Info: VTeX not detected.
)
(/usr/share/texlive/texmf-dist/tex/generic/ifxetex/ifxetex.sty
Package: ifxetex 2010/09/12 v0.6 Provides ifxetex conditional
)
\Gm@cnth=\count88
\Gm@cntv=\count89
\c@Gm@tempcnt=\count90
\Gm@bindingoffset=\dimen103
\Gm@wd@mp=\dimen104
\Gm@odd@mp=\dimen105
\Gm@even@mp=\dimen106
\Gm@layoutwidth=\dimen107
\Gm@layoutheight=\dimen108
\Gm@layouthoffset=\dimen109
\Gm@layoutvoffset=\dimen110
\Gm@dimlist=\toks15
)
(/usr/share/texlive/texmf-dist/tex/latex/listings/listings.sty
\lst@mode=\count91
\lst@gtempboxa=\box26
\lst@token=\toks16
\lst@length=\count92
\lst@currlwidth=\dimen111
\lst@column=\count93
\lst@pos=\count94
\lst@lostspace=\dimen112
\lst@width=\dimen113
\lst@newlines=\count95
\lst@lineno=\count96
\lst@maxwidth=\dimen114

(/usr/share/texlive/texmf-dist/tex/latex/listings/lstmisc.sty
File: lstmisc.sty 2014/03/04 1.5c (Carsten Heinz)
\c@lstnumber=\count97
\lst@skipnumbers=\count98
\lst@framebox=\box27
)
(/usr/share/texlive/texmf-dist/tex/latex/listings/listings.cfg
File: listings.cfg 2014/03/04 1.5c listings configuration
))
Package: listings 2014/03/04 1.5c (Carsten Heinz)

(/usr/share/texlive/texmf-dist/tex/latex/mh/mathtools.sty
Package: mathtools 2014/05/21 v1.14 mathematical typesetting tools

(/usr/share/texlive/texmf-dist/tex/latex/tools/calc.sty
Package: calc 2007/08/22 v4.3 Infix arithmetic (KKT,FJ)
\calc@Acount=\count99
\calc@Bcount=\count100
\calc@Adimen=\dimen115
\calc@Bdimen=\dimen116
\calc@Askip=\skip43
\calc@Bskip=\skip44
LaTeX Info: Redefining \setlength on input line 75.
LaTeX Info: Redefining \addtolength on input line 76.
\calc@Ccount=\count101
\calc@Cskip=\skip45
)
(/usr/share/texlive/texmf-dist/tex/latex/mh/mhsetup.sty
Package: mhsetup 2010/01/21 v1.2a programming setup (MH)
)
(/usr/share/texlive/texmf-dist/tex/latex/amsmath/amsmath.sty
Package: amsmath 2013/01/14 v2.14 AMS math features
\@mathmargin=\skip46

For additional information on amsmath, use the `?' option.
(/usr/share/texlive/texmf-dist/tex/latex/amsmath/amstext.sty
Package: amstext 2000/06/29 v2.01

(/usr/share/texlive/texmf-dist/tex/latex/amsmath/amsgen.sty
File: amsgen.sty 1999/11/30 v2.0
\@emptytoks=\toks17
\ex@=\dimen117
))
(/usr/share/texlive/texmf-dist/tex/latex/amsmath/amsbsy.sty
Package: amsbsy 1999/11/29 v1.2d
\pmbraise@=\dimen118
)
(/usr/share/texlive/texmf-dist/tex/latex/amsmath/amsopn.sty
Package: amsopn 1999/12/14 v2.01 operator names
)
\inf@bad=\count102
LaTeX Info: Redefining \frac on input line 210.
\uproot@=\count103
\leftroot@=\count104
LaTeX Info: Redefining \overline on input line 306.
\classnum@=\count105
\DOTSCASE@=\count106
LaTeX Info: Redefining \ldots on input line 378.
LaTeX Info: Redefining \dots on input line 381.
LaTeX Info: Redefining \cdots on input line 466.
\Mathstrutbox@=\box28
\strutbox@=\box29
\big@size=\dimen119
LaTeX Font Info:    Redeclaring font encoding OML on input line 566.
LaTeX Font Info:    Redeclaring font encoding OMS on input line 567.
\macc@depth=\count107
\c@MaxMatrixCols=\count108
\dotsspace@=\muskip10
\c@parentequation=\count109
\dspbrk@lvl=\count110
\tag@help=\toks18
\row@=\count111
\column@=\count112
\maxfields@=\count113
\andhelp@=\toks19
\eqnshift@=\dimen120
\alignsep@=\dimen121
\tagshift@=\dimen122
\tagwidth@=\dimen123
\totwidth@=\dimen124
\lineht@=\dimen125
\@envbody=\toks20
\multlinegap=\skip47
\multlinetaggap=\skip48
\mathdisplay@stack=\toks21
LaTeX Info: Redefining \[ on input line 2665.
LaTeX Info: Redefining \] on input line 2666.
)
LaTeX Info: Thecontrolsequence`\['isalreadyrobust on input line 129.
LaTeX Info: Thecontrolsequence`\]'isalreadyrobust on input line 129.
\g_MT_multlinerow_int=\count114
\l_MT_multwidth_dim=\dimen126
\origjot=\skip49
\l_MT_shortvdotswithinadjustabove_dim=\dimen127
\l_MT_shortvdotswithinadjustbelow_dim=\dimen128
\l_MT_above_intertext_sep=\dimen129
\l_MT_below_intertext_sep=\dimen130
\l_MT_above_shortintertext_sep=\dimen131
\l_MT_below_shortintertext_sep=\dimen132
)
(/usr/share/texlive/texmf-dist/tex/latex/minted/minted.sty
Package: minted 2011/09/17 v1.7 Yet another Pygments shim for LaTeX

(/usr/share/texlive/texmf-dist/tex/latex/fancyvrb/fancyvrb.sty
Package: fancyvrb 2008/02/07

Style option: `fancyvrb' v2.7a, with DG/SPQR fixes, and firstline=lastline fix 
<2008/02/07> (tvz)
\FV@CodeLineNo=\count115
\FV@InFile=\read1
\FV@TabBox=\box30
\c@FancyVerbLine=\count116
\FV@StepNumber=\count117
\FV@OutFile=\write3
) (/usr/share/texlive/texmf-dist/tex/latex/xcolor/xcolor.sty
Package: xcolor 2007/01/21 v2.11 LaTeX color extensions (UK)

(/usr/share/texlive/texmf-dist/tex/latex/latexconfig/color.cfg
File: color.cfg 2007/01/18 v1.5 color configuration of teTeX/TeXLive
)
Package xcolor Info: Driver file: pdftex.def on input line 225.

(/usr/share/texlive/texmf-dist/tex/latex/pdftex-def/pdftex.def
File: pdftex.def 2011/05/27 v0.06d Graphics/color for pdfTeX

(/usr/share/texlive/texmf-dist/tex/generic/oberdiek/infwarerr.sty
Package: infwarerr 2010/04/08 v1.3 Providing info/warning/error messages (HO)
)
(/usr/share/texlive/texmf-dist/tex/generic/oberdiek/ltxcmds.sty
Package: ltxcmds 2011/11/09 v1.22 LaTeX kernel commands for general use (HO)
)
\Gread@gobject=\count118
)
Package xcolor Info: Model `cmy' substituted by `cmy0' on input line 1337.
Package xcolor Info: Model `hsb' substituted by `rgb' on input line 1341.
Package xcolor Info: Model `RGB' extended on input line 1353.
Package xcolor Info: Model `HTML' substituted by `rgb' on input line 1355.
Package xcolor Info: Model `Hsb' substituted by `hsb' on input line 1356.
Package xcolor Info: Model `tHsb' substituted by `hsb' on input line 1357.
Package xcolor Info: Model `HSB' substituted by `hsb' on input line 1358.
Package xcolor Info: Model `Gray' substituted by `gray' on input line 1359.
Package xcolor Info: Model `wave' substituted by `hsb' on input line 1360.
)
(/usr/share/texlive/texmf-dist/tex/latex/float/float.sty
Package: float 2001/11/08 v1.3d Float enhancements (AL)
\c@float@type=\count119
\float@exts=\toks22
\float@box=\box31
\@float@everytoks=\toks23
\@floatcapt=\box32
)
(/usr/share/texlive/texmf-dist/tex/latex/base/ifthen.sty
Package: ifthen 2001/05/26 v1.1c Standard LaTeX ifthen package (DPC)
)
(/usr/share/texlive/texmf-dist/tex/latex/ifplatform/ifplatform.sty
Package: ifplatform 2010/10/22 v0.4 Testing for the operating system

(/usr/share/texlive/texmf-dist/tex/generic/oberdiek/pdftexcmds.sty
Package: pdftexcmds 2011/11/29 v0.20 Utility functions of pdfTeX for LuaTeX (HO
)

(/usr/share/texlive/texmf-dist/tex/generic/oberdiek/ifluatex.sty
Package: ifluatex 2010/03/01 v1.3 Provides the ifluatex switch (HO)
Package ifluatex Info: LuaTeX not detected.
)
Package pdftexcmds Info: LuaTeX not detected.
Package pdftexcmds Info: \pdf@primitive is available.
Package pdftexcmds Info: \pdf@ifprimitive is available.
Package pdftexcmds Info: \pdfdraftmode found.
)
(/usr/share/texlive/texmf-dist/tex/generic/oberdiek/catchfile.sty
Package: catchfile 2011/03/01 v1.6 Catch the contents of a file (HO)

(/usr/share/texlive/texmf-dist/tex/generic/oberdiek/etexcmds.sty
Package: etexcmds 2011/02/16 v1.5 Avoid name clashes with e-TeX commands (HO)
Package etexcmds Info: Could not find \expanded.
(etexcmds)             That can mean that you are not using pdfTeX 1.50 or
(etexcmds)             that some package has redefined \expanded.
(etexcmds)             In the latter case, load this package earlier.
))
runsystem(uname -s > "main.w18")...executed.

 (./main.w18)
runsystem(rm -- "main.w18")...executed.

)
\minted@bgbox=\box33
\minted@code=\write4
\@float@every@listing=\toks24
\c@listing=\count120
)
runsystem(which pygmentize && touch main.aex)...executed.

runsystem(rm main.aex)...executed.

) (/usr/share/texlive/texmf-dist/tex/latex/subfiles/subfiles.sty
Package: subfiles 2012/05/23 Federico Garcia

(/usr/share/texlive/texmf-dist/tex/latex/tools/verbatim.sty
Package: verbatim 2003/08/22 v1.5q LaTeX2e package for verbatim enhancements
\every@verbatim=\toks25
\verbatim@line=\toks26
\verbatim@in@stream=\read2
)) (./main.aux)
\openout1 = `main.aux'.

LaTeX Font Info:    Checking defaults for OML/cmm/m/it on input line 4.
LaTeX Font Info:    ... okay on input line 4.
LaTeX Font Info:    Checking defaults for T1/cmr/m/n on input line 4.
LaTeX Font Info:    ... okay on input line 4.
LaTeX Font Info:    Checking defaults for OT1/cmr/m/n on input line 4.
LaTeX Font Info:    ... okay on input line 4.
LaTeX Font Info:    Checking defaults for OMS/cmsy/m/n on input line 4.
LaTeX Font Info:    ... okay on input line 4.
LaTeX Font Info:    Checking defaults for OMX/cmex/m/n on input line 4.
LaTeX Font Info:    ... okay on input line 4.
LaTeX Font Info:    Checking defaults for U/cmr/m/n on input line 4.
LaTeX Font Info:    ... okay on input line 4.

*geometry* driver: auto-detecting
*geometry* detected driver: pdftex
*geometry* verbose mode - [ preamble ] result:
* driver: pdftex
* paper: <default>
* layout: <same size as paper>
* layoutoffset:(h,v)=(0.0pt,0.0pt)
* modes: twoside 
* h-part:(L,W,R)=(73.71613pt, 430.00462pt, 110.57425pt)
* v-part:(T,H,B)=(95.39737pt, 556.47656pt, 143.09605pt)
* \paperwidth=614.295pt
* \paperheight=794.96999pt
* \textwidth=430.00462pt
* \textheight=556.47656pt
* \oddsidemargin=1.44614pt
* \evensidemargin=38.30426pt
* \topmargin=-8.74641pt
* \headheight=12.0pt
* \headsep=19.8738pt
* \topskip=11.0pt
* \footskip=27.46295pt
* \marginparwidth=116.0pt
* \marginparsep=7.0pt
* \columnsep=10.0pt
* \skip\footins=10.0pt plus 4.0pt minus 2.0pt
* \hoffset=0.0pt
* \voffset=0.0pt
* \mag=1000
* \@twocolumnfalse
* \@twosidetrue
* \@mparswitchtrue
* \@reversemarginfalse
* (1in=72.27pt=25.4mm, 1cm=28.453pt)

\c@lstlisting=\count121
(/usr/share/texlive/texmf-dist/tex/latex/graphics/graphicx.sty
Package: graphicx 2014/04/25 v1.0g Enhanced LaTeX Graphics (DPC,SPQR)

(/usr/share/texlive/texmf-dist/tex/latex/graphics/graphics.sty
Package: graphics 2009/02/05 v1.0o Standard LaTeX Graphics (DPC,SPQR)

(/usr/share/texlive/texmf-dist/tex/latex/graphics/trig.sty
Package: trig 1999/03/16 v1.09 sin cos tan (DPC)
)
(/usr/share/texlive/texmf-dist/tex/latex/latexconfig/graphics.cfg
File: graphics.cfg 2010/04/23 v1.9 graphics configuration of TeX Live
)
Package graphics Info: Driver file: pdftex.def on input line 91.
)
(/usr/share/texlive/texmf-dist/tex/latex/oberdiek/epstopdf-base.sty
Package: epstopdf-base 2010/02/09 v2.5 Base part for package epstopdf

(/usr/share/texlive/texmf-dist/tex/latex/oberdiek/grfext.sty
Package: grfext 2010/08/19 v1.1 Manage graphics extensions (HO)

(/usr/share/texlive/texmf-dist/tex/generic/oberdiek/kvdefinekeys.sty
Package: kvdefinekeys 2011/04/07 v1.3 Define keys (HO)
))
(/usr/share/texlive/texmf-dist/tex/latex/oberdiek/kvoptions.sty
Package: kvoptions 2011/06/30 v3.11 Key value format for package options (HO)

(/usr/share/texlive/texmf-dist/tex/generic/oberdiek/kvsetkeys.sty
Package: kvsetkeys 2012/04/25 v1.16 Key value parser (HO)
))
Package grfext Info: Graphics extension search list:
(grfext)             [.png,.pdf,.jpg,.mps,.jpeg,.jbig2,.jb2,.PNG,.PDF,.JPG,.JPE
G,.JBIG2,.JB2,.eps]
(grfext)             \AppendGraphicsExtensions on input line 452.

(/usr/share/texlive/texmf-dist/tex/latex/latexconfig/epstopdf-sys.cfg
File: epstopdf-sys.cfg 2010/07/13 v1.3 Configuration of (r)epstopdf for TeX Liv
e
))
\Gin@req@height=\dimen133
\Gin@req@width=\dimen134
)
(/usr/share/texlive/texmf-dist/tex/context/base/supp-pdf.mkii
[Loading MPS to PDF converter (version 2006.09.02).]
\scratchcounter=\count122
\scratchdimen=\dimen135
\scratchbox=\box34
\nofMPsegments=\count123
\nofMParguments=\count124
\everyMPshowfont=\toks27
\MPscratchCnt=\count125
\MPscratchDim=\dimen136
\MPnumerator=\count126
\makeMPintoPDFobject=\count127
\everyMPtoPDFconversion=\toks28
)
runsystem(pygmentize -S default -f latex > main.pyg)...executed.

 (./main.pyg) (./title.tex
LaTeX Font Info:    Try loading font information for OMS+cmr on input line 8.

(/usr/share/texlive/texmf-dist/tex/latex/base/omscmr.fd
File: omscmr.fd 1999/05/25 v2.5h Standard LaTeX font definitions
)
LaTeX Font Info:    Font shape `OMS/cmr/m/it' in size <10.95> not available
(Font)              Font shape `OMS/cmsy/m/n' tried instead on input line 8.
LaTeX Font Info:    Font shape `OMS/cmr/m/n' in size <10.95> not available
(Font)              Font shape `OMS/cmsy/m/n' tried instead on input line 8.
 [1



{/var/lib/texmf/fonts/map/pdftex/updmap/pdftex.map}]) [2

] (./main.toc [3] [4])
\tf@toc=\write5
\openout5 = `main.toc'.

 [5] [6

]
(./foreword/preface.tex [7]) [8]
Chapter 1.
(./intro/intro.tex [1


]) (./intro/arch.tex) (./intro/binary.tex
Underfull \vbox (badness 10000) has occurred while \output is active []

 [2]
[3] [4]) (./intro/octal.tex) (./intro/hex.tex) (./intro/exercise.tex) [5]
[6

]
Chapter 2.
(./type/intro.tex) (./type/variable.tex [7]) (./type/integer.tex)
(./type/float.tex [8]) (./type/character.tex) (./type/logical.tex)
(./type/string.tex) (./type/exercise.tex [9]) (./type/reference.tex) [10]
Chapter 3.
(./introcsharp/proglang.tex
\openout3 = `main.pyg'.

runsystem(pygmentize -l csharp -f latex -F tokenmerge             -P "verboptio
ns= " -o main.out.pyg main.pyg)...executed.

 (./main.out.pyg [11

]
LaTeX Font Info:    Font shape `OT1/cmtt/bx/n' in size <10.95> not available
(Font)              Font shape `OT1/cmtt/m/n' tried instead on input line 2.
)
runsystem(rm main.out.pyg)...executed.

runsystem(rm main.pyg)...executed.

) (./introcsharp/paradigm.tex) (./introcsharp/consoleio.tex
\openout3 = `main.pyg'.

runsystem(pygmentize -l csharp -f latex -F tokenmerge             -P "verboptio
ns= " -o main.out.pyg main.pyg)...executed.

 (./main.out.pyg [12])
runsystem(rm main.out.pyg)...executed.

runsystem(rm main.pyg)...executed.

\openout3 = `main.pyg'.

runsystem(pygmentize -l csharp -f latex -F tokenmerge             -P "verboptio
ns= " -o main.out.pyg main.pyg)...executed.

 (./main.out.pyg)
runsystem(rm main.out.pyg)...executed.

runsystem(rm main.pyg)...executed.

\openout3 = `main.pyg'.

runsystem(pygmentize -l csharp -f latex -F tokenmerge             -P "verboptio
ns= " -o main.out.pyg main.pyg)...executed.


(./main.out.pyg)
runsystem(rm main.out.pyg)...executed.

runsystem(rm main.pyg)...executed.

) (./introcsharp/progstruct.tex
\openout3 = `main.pyg'.

runsystem(pygmentize -l csharp -f latex -F tokenmerge             -P "verboptio
ns= " -o main.out.pyg main.pyg)...executed.

 (./main.out.pyg [13])
runsystem(rm main.out.pyg)...executed.

runsystem(rm main.pyg)...executed.


Overfull \hbox (8.53917pt too wide) in paragraph at lines 18--21
[]\OT1/cmr/m/n/10.95 If we have a pro-gram whose name is ``Shop-ping'', you sho
uld re-place \OT1/cmtt/m/n/10.95 <class identifier>
 []

\openout3 = `main.pyg'.

runsystem(pygmentize -l csharp -f latex -F tokenmerge             -P "verboptio
ns= " -o main.out.pyg main.pyg)...executed.

(./main.out.pyg)
runsystem(rm main.out.pyg)...executed.

runsystem(rm main.pyg)...executed.

\openout3 = `main.pyg'.

runsystem(pygmentize -l csharp -f latex -F tokenmerge             -P "verboptio
ns= " -o main.out.pyg main.pyg)...executed.

 (./main.out.pyg)
runsystem(rm main.out.pyg)...executed.

runsystem(rm main.pyg)...executed.

\openout3 = `main.pyg'.

runsystem(pygmentize -l csharp -f latex -F tokenmerge             -P "verboptio
ns= " -o main.out.pyg main.pyg)...executed.

 (./main.out.pyg)
runsystem(rm main.out.pyg)...executed.

runsystem(rm main.pyg)...executed.

)
(./introcsharp/convention.tex [14]) (./introcsharp/exercise.tex) [15] [16

]
Chapter 4.
(./flowctrl/intro.tex) (./flowctrl/if.tex
(/usr/share/texlive/texmf-dist/tex/latex/listings/lstlang1.sty
File: lstlang1.sty 2014/03/04 1.5c listings language file
)
LaTeX Font Info:    Try loading font information for OML+cmr on input line 21.

(/usr/share/texlive/texmf-dist/tex/latex/base/omlcmr.fd
File: omlcmr.fd 1999/05/25 v2.5h Standard LaTeX font definitions
)
LaTeX Font Info:    Font shape `OML/cmr/m/n' in size <10.95> not available
(Font)              Font shape `OML/cmm/m/it' tried instead on input line 21.

(/usr/share/texlive/texmf-dist/tex/latex/listings/lstlang1.sty
File: lstlang1.sty 2014/03/04 1.5c listings language file
))
(./flowctrl/else.tex) (./flowctrl/elseif.tex) (./flowctrl/for.tex)
(./flowctrl/while.tex [17]) (./flowctrl/break.tex) (./flowctrl/continue.tex)
(./flowctrl/reveng.tex
\openout3 = `main.pyg'.

runsystem(pygmentize -l csharp -f latex -F tokenmerge             -P "verboptio
ns= " -o main.out.pyg main.pyg)...executed.

 (./main.out.pyg [18])
runsystem(rm main.out.pyg)...executed.

runsystem(rm main.pyg)...executed.


Overfull \hbox (36.37077pt too wide) in paragraph at lines 29--31
[]\OT1/cmr/m/n/10.95 Secondly, this pro-gram reads some in-puts and in-ter-pret
s them as in-te-gers, thus \OT1/cmtt/m/n/10.95 Console.Read()
 []

\openout3 = `main.pyg'.

runsystem(pygmentize -l csharp -f latex -F tokenmerge             -P "verboptio
ns= " -o main.out.pyg main.pyg)...executed.

(./main.out.pyg [19])
runsystem(rm main.out.pyg)...executed.

runsystem(rm main.pyg)...executed.

\openout3 = `main.pyg'.

runsystem(pygmentize -l csharp -f latex -F tokenmerge             -P "verboptio
ns= " -o main.out.pyg main.pyg)...executed.

 (./main.out.pyg)
runsystem(rm main.out.pyg)...executed.

runsystem(rm main.pyg)...executed.

\openout3 = `main.pyg'.

runsystem(pygmentize -l csharp -f latex -F tokenmerge             -P "verboptio
ns= " -o main.out.pyg main.pyg)...executed.

 (./main.out.pyg)
runsystem(rm main.out.pyg)...executed.

runsystem(rm main.pyg)...executed.

\openout3 = `main.pyg'.

runsystem(pygmentize -l csharp -f latex -F tokenmerge             -P "verboptio
ns= " -o main.out.pyg main.pyg)...executed.

 (./main.out.pyg
[20])
runsystem(rm main.out.pyg)...executed.

runsystem(rm main.pyg)...executed.

\openout3 = `main.pyg'.

runsystem(pygmentize -l csharp -f latex -F tokenmerge             -P "verboptio
ns= " -o main.out.pyg main.pyg)...executed.

 (./main.out.pyg [21])
runsystem(rm main.out.pyg)...executed.

runsystem(rm main.pyg)...executed.

\openout3 = `main.pyg'.

runsystem(pygmentize -l csharp -f latex -F tokenmerge             -P "verboptio
ns= " -o main.out.pyg main.pyg)...executed.

 (./main.out.pyg [22])
runsystem(rm main.out.pyg)...executed.

runsystem(rm main.pyg)...executed.

) (./flowctrl/divandconq.tex)
(./flowctrl/exercise.tex) [23] [24

]
Chapter 5.
(./data/intro.tex) (./data/struct.tex
\openout3 = `main.pyg'.

runsystem(pygmentize -l csharp -f latex -F tokenmerge             -P "verboptio
ns= " -o main.out.pyg main.pyg)...executed.

 (./main.out.pyg)
runsystem(rm main.out.pyg)...executed.

runsystem(rm main.pyg)...executed.

\openout3 = `main.pyg'.

runsystem(pygmentize -l csharp -f latex -F tokenmerge             -P "verboptio
ns= " -o main.out.pyg main.pyg)...executed.

 (./main.out.pyg [25])
runsystem(rm main.out.pyg)...executed.

runsystem(rm main.pyg)...executed.

\openout3 = `main.pyg'.

runsystem(pygmentize -l csharp -f latex -F tokenmerge             -P "verboptio
ns= " -o main.out.pyg main.pyg)...executed.


(./main.out.pyg)
runsystem(rm main.out.pyg)...executed.

runsystem(rm main.pyg)...executed.

\openout3 = `main.pyg'.

runsystem(pygmentize -l csharp -f latex -F tokenmerge             -P "verboptio
ns= " -o main.out.pyg main.pyg)...executed.

 (./main.out.pyg)
runsystem(rm main.out.pyg)...executed.

runsystem(rm main.pyg)...executed.

) (./data/enum.tex) (./data/array.tex)
(./data/mularray.tex) (./data/list.tex) (./data/queue.tex) (./data/stack.tex)
(./data/exercise.tex [26]) [27] [28

]
Chapter 6.
(./method/recursion.tex) (./method/exercise.tex) [29] [30

]
Chapter 7.
(./algorithm/intro.tex) (./algorithm/sorting.tex) (./algorithm/searching.tex)
(./algorithm/exercise.tex
Underfull \vbox (badness 10000) has occurred while \output is active []

 [31])
[32]
Chapter 8.
(./introoop/intro.tex) (./introoop/class.tex [33

]) (./introoop/member.tex)
(./introoop/inheritance.tex) (./introoop/interface.tex)
(./introoop/polymorphism.tex) (./introoop/exercise.tex) [34]
Chapter 9.
(./fileio/stdio.tex) (./fileio/file.tex [35

]) (./fileio/readf.tex [36]
\openout3 = `main.pyg'.

runsystem(pygmentize -l csharp -f latex -F tokenmerge             -P "verboptio
ns= " -o main.out.pyg main.pyg)...executed.


(./main.out.pyg [37])
runsystem(rm main.out.pyg)...executed.

runsystem(rm main.pyg)...executed.

) (./fileio/exception.tex) (./fileio/exercise.tex)
[38]
Chapter 10.
(./testing/intro.tex) (./testing/exercise.tex) [39

] [40

]
(./appendix/install.tex [41

] [42

]) (./appendix/reference.tex [43] [44

])
[45] (./main.aux) ) 
Here is how much of TeX's memory you used:
 5986 strings out of 494978
 85520 string characters out of 6180203
 186026 words of memory out of 5000000
 8878 multiletter control sequences out of 15000+600000
 14774 words of font info for 53 fonts, out of 8000000 for 9000
 36 hyphenation exceptions out of 8191
 46i,6n,41p,273b,1256s stack positions out of 5000i,500n,10000p,200000b,80000s
</usr/share/texlive/texmf-dist/fonts/type1/public/amsfonts/c
m/cmbx10.pfb></usr/share/texlive/texmf-dist/fonts/type1/public/amsfonts/cm/cmbx
12.pfb></usr/share/texlive/texmf-dist/fonts/type1/public/amsfonts/cm/cmcsc10.pf
b></usr/share/texlive/texmf-dist/fonts/type1/public/amsfonts/cm/cmitt10.pfb></u
sr/share/texlive/texmf-dist/fonts/type1/public/amsfonts/cm/cmmi10.pfb></usr/sha
re/texlive/texmf-dist/fonts/type1/public/amsfonts/cm/cmmi12.pfb></usr/share/tex
live/texmf-dist/fonts/type1/public/amsfonts/cm/cmr10.pfb></usr/share/texlive/te
xmf-dist/fonts/type1/public/amsfonts/cm/cmr12.pfb></usr/share/texlive/texmf-dis
t/fonts/type1/public/amsfonts/cm/cmr8.pfb></usr/share/texlive/texmf-dist/fonts/
type1/public/amsfonts/cm/cmsl10.pfb></usr/share/texlive/texmf-dist/fonts/type1/
public/amsfonts/cm/cmsy10.pfb></usr/share/texlive/texmf-dist/fonts/type1/public
/amsfonts/cm/cmti10.pfb></usr/share/texlive/texmf-dist/fonts/type1/public/amsfo
nts/cm/cmtt10.pfb>
Output written on main.pdf (53 pages, 234407 bytes).
PDF statistics:
 228 PDF objects out of 1000 (max. 8388607)
 158 compressed objects within 2 object streams
 0 named destinations out of 1000 (max. 500000)
 1 words of extra memory for PDF output out of 10000 (max. 10000000)

