\BOOKMARK [0][-]{chapter*.2}{Preface}{}% 1
\BOOKMARK [0][-]{chapter.1}{Introduction to Computing}{}% 2
\BOOKMARK [1][-]{section.1.1}{Chapter Introduction}{chapter.1}% 3
\BOOKMARK [1][-]{section.1.2}{Basic Computer Architecture}{chapter.1}% 4
\BOOKMARK [1][-]{section.1.3}{Binary Representation}{chapter.1}% 5
\BOOKMARK [2][-]{subsection.1.3.1}{Primitive Type}{section.1.3}% 6
\BOOKMARK [2][-]{subsection.1.3.2}{Reference Type}{section.1.3}% 7
\BOOKMARK [1][-]{section.1.4}{Octal Representation}{chapter.1}% 8
\BOOKMARK [1][-]{section.1.5}{Hexadecimal Representation}{chapter.1}% 9
\BOOKMARK [1][-]{section.1.6}{Chapter Exercise}{chapter.1}% 10
\BOOKMARK [0][-]{chapter.2}{Variable and Type System}{}% 11
\BOOKMARK [1][-]{section.2.1}{Introduction}{chapter.2}% 12
\BOOKMARK [1][-]{section.2.2}{Variables}{chapter.2}% 13
\BOOKMARK [2][-]{subsection.2.2.1}{Variable Declaration in C}{section.2.2}% 14
\BOOKMARK [2][-]{subsection.2.2.2}{Variable Naming}{section.2.2}% 15
\BOOKMARK [2][-]{subsection.2.2.3}{Primitive Type and Reference Type}{section.2.2}% 16
\BOOKMARK [1][-]{section.2.3}{Integer}{chapter.2}% 17
\BOOKMARK [1][-]{section.2.4}{Floating-point Number}{chapter.2}% 18
\BOOKMARK [1][-]{section.2.5}{Character}{chapter.2}% 19
\BOOKMARK [1][-]{section.2.6}{Logical Values}{chapter.2}% 20
\BOOKMARK [1][-]{section.2.7}{String}{chapter.2}% 21
\BOOKMARK [1][-]{section.2.8}{Exercise}{chapter.2}% 22
\BOOKMARK [1][-]{section.2.9}{Reference and Further Reading}{chapter.2}% 23
\BOOKMARK [0][-]{chapter.3}{Introduction to the C Programming Language}{}% 24
\BOOKMARK [1][-]{section.3.1}{Programming Languages}{chapter.3}% 25
\BOOKMARK [2][-]{subsection.3.1.1}{Your First C Program}{section.3.1}% 26
\BOOKMARK [1][-]{section.3.2}{Programming Paradigm}{chapter.3}% 27
\BOOKMARK [1][-]{section.3.3}{Console I/O}{chapter.3}% 28
\BOOKMARK [1][-]{section.3.4}{Program Structure: Basics}{chapter.3}% 29
\BOOKMARK [1][-]{section.3.5}{Programming Convention}{chapter.3}% 30
\BOOKMARK [1][-]{section.3.6}{Chapter Exercise}{chapter.3}% 31
\BOOKMARK [0][-]{chapter.4}{Program Flow Control}{}% 32
\BOOKMARK [1][-]{section.4.1}{Introduction}{chapter.4}% 33
\BOOKMARK [1][-]{section.4.2}{If Statement}{chapter.4}% 34
\BOOKMARK [1][-]{section.4.3}{Else Statement}{chapter.4}% 35
\BOOKMARK [1][-]{section.4.4}{Else-if Statement}{chapter.4}% 36
\BOOKMARK [1][-]{section.4.5}{For Loop}{chapter.4}% 37
\BOOKMARK [1][-]{section.4.6}{While Loop}{chapter.4}% 38
\BOOKMARK [1][-]{section.4.7}{Break Statement}{chapter.4}% 39
\BOOKMARK [1][-]{section.4.8}{Continue Statement}{chapter.4}% 40
\BOOKMARK [1][-]{section.4.9}{Program Construction: Reverse Engineering}{chapter.4}% 41
\BOOKMARK [1][-]{section.4.10}{Program Construction: Divide and Conquer}{chapter.4}% 42
\BOOKMARK [1][-]{section.4.11}{Chapter Exercise}{chapter.4}% 43
\BOOKMARK [0][-]{chapter.5}{Elementary Data Structure}{}% 44
\BOOKMARK [1][-]{section.5.1}{Introduction}{chapter.5}% 45
\BOOKMARK [1][-]{section.5.2}{Structure}{chapter.5}% 46
\BOOKMARK [1][-]{section.5.3}{Enumeration}{chapter.5}% 47
\BOOKMARK [1][-]{section.5.4}{Array}{chapter.5}% 48
\BOOKMARK [1][-]{section.5.5}{Multidimensional Array}{chapter.5}% 49
\BOOKMARK [1][-]{section.5.6}{List}{chapter.5}% 50
\BOOKMARK [1][-]{section.5.7}{Queue}{chapter.5}% 51
\BOOKMARK [1][-]{section.5.8}{Stack}{chapter.5}% 52
\BOOKMARK [1][-]{section.5.9}{Exercise}{chapter.5}% 53
\BOOKMARK [0][-]{chapter.6}{Method}{}% 54
\BOOKMARK [1][-]{section.6.1}{Introduction}{chapter.6}% 55
\BOOKMARK [1][-]{section.6.2}{Recursion}{chapter.6}% 56
\BOOKMARK [2][-]{subsection.6.2.1}{Stack Overflow}{section.6.2}% 57
\BOOKMARK [1][-]{section.6.3}{Chapter Exercise}{chapter.6}% 58
\BOOKMARK [0][-]{chapter.7}{Elementary Algorithm}{}% 59
\BOOKMARK [1][-]{section.7.1}{Introduction}{chapter.7}% 60
\BOOKMARK [1][-]{section.7.2}{Sorting}{chapter.7}% 61
\BOOKMARK [1][-]{section.7.3}{Searching}{chapter.7}% 62
\BOOKMARK [1][-]{section.7.4}{Chapter Exercise}{chapter.7}% 63
\BOOKMARK [0][-]{chapter.8}{Introduction to Object-Oriented Programming}{}% 64
\BOOKMARK [1][-]{section.8.1}{Introduction}{chapter.8}% 65
\BOOKMARK [1][-]{section.8.2}{Class}{chapter.8}% 66
\BOOKMARK [2][-]{subsection.8.2.1}{Abstraction}{section.8.2}% 67
\BOOKMARK [1][-]{section.8.3}{Class Member}{chapter.8}% 68
\BOOKMARK [1][-]{section.8.4}{Inheritance}{chapter.8}% 69
\BOOKMARK [1][-]{section.8.5}{Interface}{chapter.8}% 70
\BOOKMARK [1][-]{section.8.6}{Polymorphism}{chapter.8}% 71
\BOOKMARK [1][-]{section.8.7}{Chapter Exercise}{chapter.8}% 72
\BOOKMARK [0][-]{chapter.9}{File I/O}{}% 73
\BOOKMARK [1][-]{section.9.1}{Introduction}{chapter.9}% 74
\BOOKMARK [1][-]{section.9.2}{Standard I/O}{chapter.9}% 75
\BOOKMARK [1][-]{section.9.3}{File}{chapter.9}% 76
\BOOKMARK [2][-]{subsection.9.3.1}{Definition of File}{section.9.3}% 77
\BOOKMARK [2][-]{subsection.9.3.2}{Read a File}{section.9.3}% 78
\BOOKMARK [2][-]{subsection.9.3.3}{Absolute Path and Relative Path}{section.9.3}% 79
\BOOKMARK [2][-]{subsection.9.3.4}{File Reading Algorithm}{section.9.3}% 80
\BOOKMARK [1][-]{section.9.4}{Exception}{chapter.9}% 81
\BOOKMARK [2][-]{subsection.9.4.1}{What is an Exception}{section.9.4}% 82
\BOOKMARK [1][-]{section.9.5}{Chapter Exercise}{chapter.9}% 83
\BOOKMARK [0][-]{chapter.10}{Introduction to Software Testing}{}% 84
\BOOKMARK [1][-]{section.10.1}{Introduction}{chapter.10}% 85
\BOOKMARK [1][-]{section.10.2}{Chapter Exercise}{chapter.10}% 86
\BOOKMARK [0][-]{chapter*.3}{Appendix}{}% 87
\BOOKMARK [0][-]{chapter*.4}{Intall C\043 Environment}{}% 88
\BOOKMARK [1][-]{section.10.3}{Windows}{chapter*.4}% 89
\BOOKMARK [1][-]{section.10.4}{OS X}{chapter*.4}% 90
\BOOKMARK [1][-]{section.10.5}{Linux}{chapter*.4}% 91
\BOOKMARK [0][-]{chapter*.6}{Solutions to Selected Problems}{}% 92
